<?xml version="1.0" encoding="UTF-8"?>
<testsuite xmlns:xsi="http://www.w3.org/2001/XMLSchema-instance" xsi:noNamespaceSchemaLocation="https://maven.apache.org/surefire/maven-surefire-plugin/xsd/surefire-test-report-3.0.xsd" version="3.0" name="com.insurance.admin.ClaimsServiceLegacyTest" time="2.065" tests="1" errors="0" skipped="0" failures="0">
  <properties>
[...]
</properties>
  <testcase name="submitClaimAndDoEverything_shouldSaveClaim" classname="com.insurance.admin.ClaimsServiceLegacyTest" time="0.226">
    <system-out><![CDATA[2026-07-13T16:55:55.629-04:00  INFO 27112 --- [           main] t.c.s.AnnotationConfigContextLoaderUtils : Could not detect default configuration classes for test class [com.insurance.admin.ClaimsServiceLegacyTest]: ClaimsServiceLegacyTest does not declare any static, non-private, non-final, nested classes annotated with @Configuration.
2026-07-13T16:55:55.636-04:00  INFO 27112 --- [           main] .b.t.c.SpringBootTestContextBootstrapper : Found @SpringBootConfiguration com.insurance.admin.InsuranceAdminApplication for test class com.insurance.admin.ClaimsServiceLegacyTest

  .   ____          _            __ _ _
 /\\ / ___'_ __ _ _(_)_ __  __ _ \ \ \ \
( ( )\___ | '_ | '_| | '_ \/ _` | \ \ \ \
 \\/  ___)| |_)| | | | | || (_| |  ) ) ) )
  '  |____| .__|_| |_|_| |_\__, | / / / /
 =========|_|==============|___/=/_/_/_/

 :: Spring Boot ::                (v3.3.2)

2026-07-13T16:55:55.765-04:00  INFO 27112 --- [           main] c.i.admin.ClaimsServiceLegacyTest        : Starting ClaimsServiceLegacyTest using Java 21.0.11 with PID 27112 (started by kevinmanu in C:\Users\kevinmanu\demo\insurance-refactoring-demo)
2026-07-13T16:55:55.766-04:00  INFO 27112 --- [           main] c.i.admin.ClaimsServiceLegacyTest        : No active profile set, falling back to 1 default profile: "default"
2026-07-13T16:55:56.200-04:00  INFO 27112 --- [           main] .s.d.r.c.RepositoryConfigurationDelegate : Bootstrapping Spring Data JPA repositories in DEFAULT mode.
2026-07-13T16:55:56.249-04:00  INFO 27112 --- [           main] .s.d.r.c.RepositoryConfigurationDelegate : Finished Spring Data repository scanning in 46 ms. Found 4 JPA repository interfaces.
2026-07-13T16:55:56.521-04:00  INFO 27112 --- [           main] o.hibernate.jpa.internal.util.LogHelper  : HHH000204: Processing PersistenceUnitInfo [name: default]
2026-07-13T16:55:56.533-04:00  INFO 27112 --- [           main] o.h.c.internal.RegionFactoryInitiator    : HHH000026: Second-level cache disabled
2026-07-13T16:55:56.559-04:00  INFO 27112 --- [           main] o.s.o.j.p.SpringPersistenceUnitInfo      : No LoadTimeWeaver setup: ignoring JPA class transformer
2026-07-13T16:55:56.559-04:00  INFO 27112 --- [           main] com.zaxxer.hikari.HikariDataSource       : HikariPool-2 - Starting...
2026-07-13T16:55:56.566-04:00  INFO 27112 --- [           main] com.zaxxer.hikari.pool.HikariPool        : HikariPool-2 - Added connection conn10: url=jdbc:h2:mem:legacy_insurance_db user=SA
2026-07-13T16:55:56.567-04:00  INFO 27112 --- [           main] com.zaxxer.hikari.HikariDataSource       : HikariPool-2 - Start completed.
2026-07-13T16:55:56.867-04:00  INFO 27112 --- [           main] o.h.e.t.j.p.i.JtaPlatformInitiator       : HHH000489: No JTA platform available (set 'hibernate.transaction.jta.platform' to enable JTA platform integration)
2026-07-13T16:55:56.879-04:00  INFO 27112 --- [           main] j.LocalContainerEntityManagerFactoryBean : Initialized JPA EntityManagerFactory for persistence unit 'default'
2026-07-13T16:55:57.153-04:00  WARN 27112 --- [           main] JpaBaseConfiguration$JpaWebConfiguration : spring.jpa.open-in-view is enabled by default. Therefore, database queries may be performed during view rendering. Explicitly configure spring.jpa.open-in-view to disable this warning
2026-07-13T16:55:57.384-04:00  INFO 27112 --- [           main] o.s.b.a.h2.H2ConsoleAutoConfiguration    : H2 console available at '/h2-console'. Database available at 'jdbc:h2:mem:legacy_insurance_db'
2026-07-13T16:55:57.441-04:00  INFO 27112 --- [           main] c.i.admin.ClaimsServiceLegacyTest        : Started ClaimsServiceLegacyTest in 1.794 seconds (process running for 22.881)
2026-07-13T16:55:57.482-04:00 DEBUG 27112 --- [           main] org.hibernate.SQL                        : 
    insert 
    into
        customers
        (address, cust_nm, email, phone_no, risk_score, id) 
    values
        (?, ?, ?, ?, ?, default)
Hibernate: 
    insert 
    into
        customers
        (address, cust_nm, email, phone_no, risk_score, id) 
    values
        (?, ?, ?, ?, ?, default)
2026-07-13T16:55:57.574-04:00 DEBUG 27112 --- [           main] org.hibernate.SQL                        : 
    select
        cr1_0.id,
        cr1_0.address,
        cr1_0.cust_nm,
        cr1_0.email,
        cr1_0.phone_no,
        cr1_0.risk_score 
    from
        customers cr1_0 
    where
        cr1_0.id=?
Hibernate: 
    select
        cr1_0.id,
        cr1_0.address,
        cr1_0.cust_nm,
        cr1_0.email,
        cr1_0.phone_no,
        cr1_0.risk_score 
    from
        customers cr1_0 
    where
        cr1_0.id=?
2026-07-13T16:55:57.634-04:00 DEBUG 27112 --- [           main] org.hibernate.SQL                        : 
    insert 
    into
        policies
        (customer_id, end_date, policy_type, premium, start_date, status, underwriting_decision, policy_id) 
    values
        (?, ?, ?, ?, ?, ?, ?, default)
Hibernate: 
    insert 
    into
        policies
        (customer_id, end_date, policy_type, premium, start_date, status, underwriting_decision, policy_id) 
    values
        (?, ?, ?, ?, ?, ?, ?, default)
2026-07-13T16:55:57.647-04:00 DEBUG 27112 --- [           main] org.hibernate.SQL                        : 
    select
        pr1_0.policy_id,
        pr1_0.customer_id,
        pr1_0.end_date,
        pr1_0.policy_type,
        pr1_0.premium,
        pr1_0.start_date,
        pr1_0.status,
        pr1_0.underwriting_decision 
    from
        policies pr1_0 
    where
        pr1_0.policy_id=?
Hibernate: 
    select
        pr1_0.policy_id,
        pr1_0.customer_id,
        pr1_0.end_date,
        pr1_0.policy_type,
        pr1_0.premium,
        pr1_0.start_date,
        pr1_0.status,
        pr1_0.underwriting_decision 
    from
        policies pr1_0 
    where
        pr1_0.policy_id=?
2026-07-13T16:55:57.665-04:00 DEBUG 27112 --- [           main] org.hibernate.SQL                        : 
    insert 
    into
        claims
        (claim_amount, claim_reason, incident_date, policy_id, status, id) 
    values
        (?, ?, ?, ?, ?, default)
Hibernate: 
    insert 
    into
        claims
        (claim_amount, claim_reason, incident_date, policy_id, status, id) 
    values
        (?, ?, ?, ?, ?, default)
]]></system-out>
  </testcase>
</testsuite>